F:\我的大二上\高级程序设计\AIRCRAFT GAME\DEBUG\PLANE.BSC
F:\我的大二上\高级程序设计\AIRCRAFT GAME\PLANE\DEBUG\PLANE.PCH
F:\我的大二上\高级程序设计\AIRCRAFT GAME\PLANE\DEBUG\STDAFX.SBR
F:\我的大二上\高级程序设计\AIRCRAFT GAME\PLANE\DEBUG\STDAFX.OBJ
F:\我的大二上\高级程序设计\AIRCRAFT GAME\PLANE\DEBUG\VC110.PDB
F:\我的大二上\高级程序设计\AIRCRAFT GAME\PLANE\DEBUG\PLAYER.SBR
F:\我的大二上\高级程序设计\AIRCRAFT GAME\PLANE\DEBUG\PLANE.SBR
F:\我的大二上\高级程序设计\AIRCRAFT GAME\PLANE\DEBUG\HELPER.SBR
F:\我的大二上\高级程序设计\AIRCRAFT GAME\PLANE\DEBUG\GAMEWORLD.SBR
F:\我的大二上\高级程序设计\AIRCRAFT GAME\PLANE\DEBUG\ENEMYTRIB.SBR
F:\我的大二上\高级程序设计\AIRCRAFT GAME\PLANE\DEBUG\ENEMYTRACK.SBR
F:\我的大二上\高级程序设计\AIRCRAFT GAME\PLANE\DEBUG\ENEMYLIST.SBR
F:\我的大二上\高级程序设计\AIRCRAFT GAME\PLANE\DEBUG\ENEMYLINGER.SBR
F:\我的大二上\高级程序设计\AIRCRAFT GAME\PLANE\DEBUG\ENEMY.SBR
F:\我的大二上\高级程序设计\AIRCRAFT GAME\PLANE\DEBUG\COMMON.SBR
F:\我的大二上\高级程序设计\AIRCRAFT GAME\PLANE\DEBUG\BULLET.SBR
F:\我的大二上\高级程序设计\AIRCRAFT GAME\PLANE\DEBUG\BOSS.SBR
F:\我的大二上\高级程序设计\AIRCRAFT GAME\PLANE\DEBUG\BOSS.OBJ
F:\我的大二上\高级程序设计\AIRCRAFT GAME\PLANE\DEBUG\BULLET.OBJ
F:\我的大二上\高级程序设计\AIRCRAFT GAME\PLANE\DEBUG\COMMON.OBJ
F:\我的大二上\高级程序设计\AIRCRAFT GAME\PLANE\DEBUG\ENEMY.OBJ
F:\我的大二上\高级程序设计\AIRCRAFT GAME\PLANE\DEBUG\ENEMYLINGER.OBJ
F:\我的大二上\高级程序设计\AIRCRAFT GAME\PLANE\DEBUG\ENEMYLIST.OBJ
F:\我的大二上\高级程序设计\AIRCRAFT GAME\PLANE\DEBUG\ENEMYTRACK.OBJ
F:\我的大二上\高级程序设计\AIRCRAFT GAME\PLANE\DEBUG\ENEMYTRIB.OBJ
F:\我的大二上\高级程序设计\AIRCRAFT GAME\PLANE\DEBUG\GAMEWORLD.OBJ
F:\我的大二上\高级程序设计\AIRCRAFT GAME\PLANE\DEBUG\HELPER.OBJ
F:\我的大二上\高级程序设计\AIRCRAFT GAME\PLANE\DEBUG\PLANE.OBJ
F:\我的大二上\高级程序设计\AIRCRAFT GAME\PLANE\DEBUG\PLAYER.OBJ
F:\我的大二上\高级程序设计\AIRCRAFT GAME\DEBUG\PLANE.ILK
F:\我的大二上\高级程序设计\AIRCRAFT GAME\DEBUG\PLANE.EXE
F:\我的大二上\高级程序设计\AIRCRAFT GAME\DEBUG\PLANE.PDB
F:\我的大二上\高级程序设计\AIRCRAFT GAME\PLANE\DEBUG\PLANE.RES
F:\我的大二上\高级程序设计\AirCraft Game\Plane\Debug\Boss.obj
F:\我的大二上\高级程序设计\AirCraft Game\Plane\Debug\Bullet.obj
F:\我的大二上\高级程序设计\AirCraft Game\Plane\Debug\common.obj
F:\我的大二上\高级程序设计\AirCraft Game\Plane\Debug\Enemy.obj
F:\我的大二上\高级程序设计\AirCraft Game\Plane\Debug\EnemyLinger.obj
F:\我的大二上\高级程序设计\AirCraft Game\Plane\Debug\EnemyList.obj
F:\我的大二上\高级程序设计\AirCraft Game\Plane\Debug\EnemyTrack.obj
F:\我的大二上\高级程序设计\AirCraft Game\Plane\Debug\EnemyTriB.obj
F:\我的大二上\高级程序设计\AirCraft Game\Plane\Debug\GameWorld.obj
F:\我的大二上\高级程序设计\AirCraft Game\Plane\Debug\Helper.obj
F:\我的大二上\高级程序设计\AirCraft Game\Plane\Debug\Plane.obj
F:\我的大二上\高级程序设计\AirCraft Game\Plane\Debug\player.obj
F:\我的大二上\高级程序设计\AirCraft Game\Plane\Debug\stdafx.obj
F:\我的大二上\高级程序设计\AirCraft Game\Plane\Debug\BscMake.command.1.tlog
F:\我的大二上\高级程序设计\AirCraft Game\Plane\Debug\bscmake.read.1.tlog
F:\我的大二上\高级程序设计\AirCraft Game\Plane\Debug\BscMake.write.1.tlog
F:\我的大二上\高级程序设计\AirCraft Game\Plane\Debug\cl.command.1.tlog
F:\我的大二上\高级程序设计\AirCraft Game\Plane\Debug\CL.read.1.tlog
F:\我的大二上\高级程序设计\AirCraft Game\Plane\Debug\CL.write.1.tlog
F:\我的大二上\高级程序设计\AirCraft Game\Plane\Debug\link-cvtres.read.1.tlog
F:\我的大二上\高级程序设计\AirCraft Game\Plane\Debug\link-cvtres.write.1.tlog
F:\我的大二上\高级程序设计\AirCraft Game\Plane\Debug\link-rc.read.1.tlog
F:\我的大二上\高级程序设计\AirCraft Game\Plane\Debug\link-rc.write.1.tlog
F:\我的大二上\高级程序设计\AirCraft Game\Plane\Debug\link.2392-cvtres.read.1.tlog
F:\我的大二上\高级程序设计\AirCraft Game\Plane\Debug\link.2392-cvtres.write.1.tlog
F:\我的大二上\高级程序设计\AirCraft Game\Plane\Debug\link.2392-rc.read.1.tlog
F:\我的大二上\高级程序设计\AirCraft Game\Plane\Debug\link.2392-rc.write.1.tlog
F:\我的大二上\高级程序设计\AirCraft Game\Plane\Debug\link.2392.read.1.tlog
F:\我的大二上\高级程序设计\AirCraft Game\Plane\Debug\link.2392.write.1.tlog
F:\我的大二上\高级程序设计\AirCraft Game\Plane\Debug\link.24232-cvtres.read.1.tlog
F:\我的大二上\高级程序设计\AirCraft Game\Plane\Debug\link.24232-cvtres.write.1.tlog
F:\我的大二上\高级程序设计\AirCraft Game\Plane\Debug\link.24232-rc.read.1.tlog
F:\我的大二上\高级程序设计\AirCraft Game\Plane\Debug\link.24232-rc.write.1.tlog
F:\我的大二上\高级程序设计\AirCraft Game\Plane\Debug\link.24232.read.1.tlog
F:\我的大二上\高级程序设计\AirCraft Game\Plane\Debug\link.24232.write.1.tlog
F:\我的大二上\高级程序设计\AirCraft Game\Plane\Debug\link.28080-cvtres.read.1.tlog
F:\我的大二上\高级程序设计\AirCraft Game\Plane\Debug\link.28080-cvtres.write.1.tlog
F:\我的大二上\高级程序设计\AirCraft Game\Plane\Debug\link.28080-rc.read.1.tlog
F:\我的大二上\高级程序设计\AirCraft Game\Plane\Debug\link.28080-rc.write.1.tlog
F:\我的大二上\高级程序设计\AirCraft Game\Plane\Debug\link.28080.read.1.tlog
F:\我的大二上\高级程序设计\AirCraft Game\Plane\Debug\link.28080.write.1.tlog
F:\我的大二上\高级程序设计\AirCraft Game\Plane\Debug\link.5124-cvtres.read.1.tlog
F:\我的大二上\高级程序设计\AirCraft Game\Plane\Debug\link.5124-cvtres.write.1.tlog
F:\我的大二上\高级程序设计\AirCraft Game\Plane\Debug\link.5124-rc.read.1.tlog
F:\我的大二上\高级程序设计\AirCraft Game\Plane\Debug\link.5124-rc.write.1.tlog
F:\我的大二上\高级程序设计\AirCraft Game\Plane\Debug\link.5124.read.1.tlog
F:\我的大二上\高级程序设计\AirCraft Game\Plane\Debug\link.5124.write.1.tlog
F:\我的大二上\高级程序设计\AirCraft Game\Plane\Debug\link.9136-cvtres.read.1.tlog
F:\我的大二上\高级程序设计\AirCraft Game\Plane\Debug\link.9136-cvtres.write.1.tlog
F:\我的大二上\高级程序设计\AirCraft Game\Plane\Debug\link.9136-rc.read.1.tlog
F:\我的大二上\高级程序设计\AirCraft Game\Plane\Debug\link.9136-rc.write.1.tlog
F:\我的大二上\高级程序设计\AirCraft Game\Plane\Debug\link.9136.read.1.tlog
F:\我的大二上\高级程序设计\AirCraft Game\Plane\Debug\link.9136.write.1.tlog
F:\我的大二上\高级程序设计\AirCraft Game\Plane\Debug\link.command.1.tlog
F:\我的大二上\高级程序设计\AirCraft Game\Plane\Debug\link.read.1.tlog
F:\我的大二上\高级程序设计\AirCraft Game\Plane\Debug\link.write.1.tlog
F:\我的大二上\高级程序设计\AirCraft Game\Plane\Debug\rc.command.1.tlog
F:\我的大二上\高级程序设计\AirCraft Game\Plane\Debug\rc.read.1.tlog
F:\我的大二上\高级程序设计\AirCraft Game\Plane\Debug\rc.write.1.tlog
F:\我的大二上\高级程序设计\AirCraft Game\Plane\Debug\Plane.res
F:\我的大二上\高级程序设计\AirCraft Game\Plane\Debug\Plane.pch
F:\我的大二上\高级程序设计\AirCraft Game\Plane\Debug\vc110.idb
F:\我的大二上\高级程序设计\AirCraft Game\Plane\Debug\vc110.pdb
F:\我的大二上\高级程序设计\AirCraft Game\Plane\Debug\Boss.sbr
F:\我的大二上\高级程序设计\AirCraft Game\Plane\Debug\Bullet.sbr
F:\我的大二上\高级程序设计\AirCraft Game\Plane\Debug\common.sbr
F:\我的大二上\高级程序设计\AirCraft Game\Plane\Debug\Enemy.sbr
F:\我的大二上\高级程序设计\AirCraft Game\Plane\Debug\EnemyLinger.sbr
F:\我的大二上\高级程序设计\AirCraft Game\Plane\Debug\EnemyList.sbr
F:\我的大二上\高级程序设计\AirCraft Game\Plane\Debug\EnemyTrack.sbr
F:\我的大二上\高级程序设计\AirCraft Game\Plane\Debug\EnemyTriB.sbr
F:\我的大二上\高级程序设计\AirCraft Game\Plane\Debug\GameWorld.sbr
F:\我的大二上\高级程序设计\AirCraft Game\Plane\Debug\Helper.sbr
F:\我的大二上\高级程序设计\AirCraft Game\Plane\Debug\Plane.sbr
F:\我的大二上\高级程序设计\AirCraft Game\Plane\Debug\player.sbr
F:\我的大二上\高级程序设计\AirCraft Game\Plane\Debug\stdafx.sbr
F:\我的大二上\高级程序设计\AirCraft Game\Debug\Plane.pdb
F:\我的大二上\高级程序设计\AirCraft Game\Debug\Plane.exe
F:\我的大二上\高级程序设计\AirCraft Game\Debug\Plane.bsc
F:\我的大二上\高级程序设计\AirCraft Game\Debug\Plane.ilk
